This is pdfTeX, Version 3.141592653-2.6-1.40.23 (TeX Live 2022/dev) (preloaded format=pdflatex 2022.2.27)  3 MAY 2023 09:38
entering extended mode
 restricted \write18 enabled.
 %&-line parsing enabled.
**Methods_Guide.tex
(./Methods_Guide.tex
LaTeX2e <2021-11-15> patch level 1
L3 programming layer <2022-02-24> (/Users/corywhitney/Library/TinyTeX/texmf-dis
t/tex/latex/base/article.cls
Document Class: article 2021/10/04 v1.4n Standard LaTeX document class
(/Users/corywhitney/Library/TinyTeX/texmf-dist/tex/latex/base/size10.clo
File: size10.clo 2021/10/04 v1.4n Standard LaTeX file (size option)
)
\c@part=\count185
\c@section=\count186
\c@subsection=\count187
\c@subsubsection=\count188
\c@paragraph=\count189
\c@subparagraph=\count190
\c@figure=\count191
\c@table=\count192
\abovecaptionskip=\skip47
\belowcaptionskip=\skip48
\bibindent=\dimen138
) (/Users/corywhitney/Library/TinyTeX/texmf-dist/tex/latex/amsmath/amsmath.sty
Package: amsmath 2021/10/15 v2.17l AMS math features
\@mathmargin=\skip49
For additional information on amsmath, use the `?' option.
(/Users/corywhitney/Library/TinyTeX/texmf-dist/tex/latex/amsmath/amstext.sty
Package: amstext 2021/08/26 v2.01 AMS text
(/Users/corywhitney/Library/TinyTeX/texmf-dist/tex/latex/amsmath/amsgen.sty
File: amsgen.sty 1999/11/30 v2.0 generic functions
\@emptytoks=\toks16
\ex@=\dimen139
)) (/Users/corywhitney/Library/TinyTeX/texmf-dist/tex/latex/amsmath/amsbsy.sty
Package: amsbsy 1999/11/29 v1.2d Bold Symbols
\pmbraise@=\dimen140
) (/Users/corywhitney/Library/TinyTeX/texmf-dist/tex/latex/amsmath/amsopn.sty
Package: amsopn 2021/08/26 v2.02 operator names
)
\inf@bad=\count193
LaTeX Info: Redefining \frac on input line 234.
\uproot@=\count194
\leftroot@=\count195
LaTeX Info: Redefining \overline on input line 399.
\classnum@=\count196
\DOTSCASE@=\count197
LaTeX Info: Redefining \ldots on input line 496.
LaTeX Info: Redefining \dots on input line 499.
LaTeX Info: Redefining \cdots on input line 620.
\Mathstrutbox@=\box50
\strutbox@=\box51
\big@size=\dimen141
LaTeX Font Info:    Redeclaring font encoding OML on input line 743.
LaTeX Font Info:    Redeclaring font encoding OMS on input line 744.
\macc@depth=\count198
\c@MaxMatrixCols=\count199
\dotsspace@=\muskip16
\c@parentequation=\count266
\dspbrk@lvl=\count267
\tag@help=\toks17
\row@=\count268
\column@=\count269
\maxfields@=\count270
\andhelp@=\toks18
\eqnshift@=\dimen142
\alignsep@=\dimen143
\tagshift@=\dimen144
\tagwidth@=\dimen145
\totwidth@=\dimen146
\lineht@=\dimen147
\@envbody=\toks19
\multlinegap=\skip50
\multlinetaggap=\skip51
\mathdisplay@stack=\toks20
LaTeX Info: Redefining \[ on input line 2938.
LaTeX Info: Redefining \] on input line 2939.
) (/Users/corywhitney/Library/TinyTeX/texmf-dist/tex/latex/amsfonts/amssymb.sty
Package: amssymb 2013/01/14 v3.01 AMS font symbols
(/Users/corywhitney/Library/TinyTeX/texmf-dist/tex/latex/amsfonts/amsfonts.sty
Package: amsfonts 2013/01/14 v3.01 Basic AMSFonts support
\symAMSa=\mathgroup4
\symAMSb=\mathgroup5
LaTeX Font Info:    Redeclaring math symbol \hbar on input line 98.
LaTeX Font Info:    Overwriting math alphabet `\mathfrak' in version `bold'
(Font)                  U/euf/m/n --> U/euf/b/n on input line 106.
)) (/Users/corywhitney/Library/TinyTeX/texmf-dist/tex/latex/lm/lmodern.sty
Package: lmodern 2015/05/01 v1.6.1 Latin Modern Fonts
LaTeX Font Info:    Overwriting symbol font `operators' in version `normal'
(Font)                  OT1/cmr/m/n --> OT1/lmr/m/n on input line 22.
LaTeX Font Info:    Overwriting symbol font `letters' in version `normal'
(Font)                  OML/cmm/m/it --> OML/lmm/m/it on input line 23.
LaTeX Font Info:    Overwriting symbol font `symbols' in version `normal'
(Font)                  OMS/cmsy/m/n --> OMS/lmsy/m/n on input line 24.
LaTeX Font Info:    Overwriting symbol font `largesymbols' in version `normal'
(Font)                  OMX/cmex/m/n --> OMX/lmex/m/n on input line 25.
LaTeX Font Info:    Overwriting symbol font `operators' in version `bold'
(Font)                  OT1/cmr/bx/n --> OT1/lmr/bx/n on input line 26.
LaTeX Font Info:    Overwriting symbol font `letters' in version `bold'
(Font)                  OML/cmm/b/it --> OML/lmm/b/it on input line 27.
LaTeX Font Info:    Overwriting symbol font `symbols' in version `bold'
(Font)                  OMS/cmsy/b/n --> OMS/lmsy/b/n on input line 28.
LaTeX Font Info:    Overwriting symbol font `largesymbols' in version `bold'
(Font)                  OMX/cmex/m/n --> OMX/lmex/m/n on input line 29.
LaTeX Font Info:    Overwriting math alphabet `\mathbf' in version `normal'
(Font)                  OT1/cmr/bx/n --> OT1/lmr/bx/n on input line 31.
LaTeX Font Info:    Overwriting math alphabet `\mathsf' in version `normal'
(Font)                  OT1/cmss/m/n --> OT1/lmss/m/n on input line 32.
LaTeX Font Info:    Overwriting math alphabet `\mathit' in version `normal'
(Font)                  OT1/cmr/m/it --> OT1/lmr/m/it on input line 33.
LaTeX Font Info:    Overwriting math alphabet `\mathtt' in version `normal'
(Font)                  OT1/cmtt/m/n --> OT1/lmtt/m/n on input line 34.
LaTeX Font Info:    Overwriting math alphabet `\mathbf' in version `bold'
(Font)                  OT1/cmr/bx/n --> OT1/lmr/bx/n on input line 35.
LaTeX Font Info:    Overwriting math alphabet `\mathsf' in version `bold'
(Font)                  OT1/cmss/bx/n --> OT1/lmss/bx/n on input line 36.
LaTeX Font Info:    Overwriting math alphabet `\mathit' in version `bold'
(Font)                  OT1/cmr/bx/it --> OT1/lmr/bx/it on input line 37.
LaTeX Font Info:    Overwriting math alphabet `\mathtt' in version `bold'
(Font)                  OT1/cmtt/m/n --> OT1/lmtt/m/n on input line 38.
) (/Users/corywhitney/Library/TinyTeX/texmf-dist/tex/generic/iftex/iftex.sty
Package: iftex 2022/02/03 v1.0f TeX engine tests
) (/Users/corywhitney/Library/TinyTeX/texmf-dist/tex/latex/base/fontenc.sty
Package: fontenc 2021/04/29 v2.0v Standard LaTeX package
LaTeX Font Info:    Trying to load font information for T1+lmr on input line 11
2.
(/Users/corywhitney/Library/TinyTeX/texmf-dist/tex/latex/lm/t1lmr.fd
File: t1lmr.fd 2015/05/01 v1.6.1 Font defs for Latin Modern
)) (/Users/corywhitney/Library/TinyTeX/texmf-dist/tex/latex/base/inputenc.sty
Package: inputenc 2021/02/14 v1.3d Input encoding file
\inpenc@prehook=\toks21
\inpenc@posthook=\toks22
) (/Users/corywhitney/Library/TinyTeX/texmf-dist/tex/latex/base/textcomp.sty
Package: textcomp 2020/02/02 v2.0n Standard LaTeX package
) (/Users/corywhitney/Library/TinyTeX/texmf-dist/tex/latex/parskip/parskip.sty
Package: parskip 2021-03-14 v2.0h non-zero parskip adjustments

(/Users/corywhitney/Library/TinyTeX/texmf-dist/tex/latex/kvoptions/kvoptions.st
y
Package: kvoptions 2020-10-07 v3.14 Key value format for package options (HO)
(/Users/corywhitney/Library/TinyTeX/texmf-dist/tex/latex/graphics/keyval.sty
Package: keyval 2014/10/28 v1.15 key=value parser (DPC)
\KV@toks@=\toks23
) (/Users/corywhitney/Library/TinyTeX/texmf-dist/tex/generic/ltxcmds/ltxcmds.st
y
Package: ltxcmds 2020-05-10 v1.25 LaTeX kernel commands for general use (HO)
)
(/Users/corywhitney/Library/TinyTeX/texmf-dist/tex/generic/kvsetkeys/kvsetkeys.
sty
Package: kvsetkeys 2019/12/15 v1.18 Key value parser (HO)
)) (/Users/corywhitney/Library/TinyTeX/texmf-dist/tex/latex/etoolbox/etoolbox.s
ty
Package: etoolbox 2020/10/05 v2.5k e-TeX tools for LaTeX (JAW)
\etb@tempcnta=\count271
)) (/Users/corywhitney/Library/TinyTeX/texmf-dist/tex/latex/xcolor/xcolor.sty
Package: xcolor 2021/10/31 v2.13 LaTeX color extensions (UK)

(/Users/corywhitney/Library/TinyTeX/texmf-dist/tex/latex/graphics-cfg/color.cfg
File: color.cfg 2016/01/02 v1.6 sample color configuration
)
Package xcolor Info: Driver file: pdftex.def on input line 227.

(/Users/corywhitney/Library/TinyTeX/texmf-dist/tex/latex/graphics-def/pdftex.de
f
File: pdftex.def 2020/10/05 v1.2a Graphics/color driver for pdftex
)
Package xcolor Info: Model `cmy' substituted by `cmy0' on input line 1352.
Package xcolor Info: Model `hsb' substituted by `rgb' on input line 1356.
Package xcolor Info: Model `RGB' extended on input line 1368.
Package xcolor Info: Model `HTML' substituted by `rgb' on input line 1370.
Package xcolor Info: Model `Hsb' substituted by `hsb' on input line 1371.
Package xcolor Info: Model `tHsb' substituted by `hsb' on input line 1372.
Package xcolor Info: Model `HSB' substituted by `hsb' on input line 1373.
Package xcolor Info: Model `Gray' substituted by `gray' on input line 1374.
Package xcolor Info: Model `wave' substituted by `hsb' on input line 1375.
) (/Users/corywhitney/Library/TinyTeX/texmf-dist/tex/latex/geometry/geometry.st
y
Package: geometry 2020/01/02 v5.9 Page Geometry
(/Users/corywhitney/Library/TinyTeX/texmf-dist/tex/generic/iftex/ifvtex.sty
Package: ifvtex 2019/10/25 v1.7 ifvtex legacy package. Use iftex instead.
)
\Gm@cnth=\count272
\Gm@cntv=\count273
\c@Gm@tempcnt=\count274
\Gm@bindingoffset=\dimen148
\Gm@wd@mp=\dimen149
\Gm@odd@mp=\dimen150
\Gm@even@mp=\dimen151
\Gm@layoutwidth=\dimen152
\Gm@layoutheight=\dimen153
\Gm@layouthoffset=\dimen154
\Gm@layoutvoffset=\dimen155
\Gm@dimlist=\toks24
) (/Users/corywhitney/Library/TinyTeX/texmf-dist/tex/latex/fancyvrb/fancyvrb.st
y
Package: fancyvrb 2021/12/21 4.1b verbatim text (tvz,hv)
\FV@CodeLineNo=\count275
\FV@InFile=\read2
\FV@TabBox=\box52
\c@FancyVerbLine=\count276
\FV@StepNumber=\count277
\FV@OutFile=\write3
) (/Users/corywhitney/Library/TinyTeX/texmf-dist/tex/latex/framed/framed.sty
Package: framed 2011/10/22 v 0.96: framed or shaded text with page breaks
\OuterFrameSep=\skip52
\fb@frw=\dimen156
\fb@frh=\dimen157
\FrameRule=\dimen158
\FrameSep=\dimen159
) (/Users/corywhitney/Library/TinyTeX/texmf-dist/tex/latex/graphics/graphicx.st
y
Package: graphicx 2021/09/16 v1.2d Enhanced LaTeX Graphics (DPC,SPQR)
(/Users/corywhitney/Library/TinyTeX/texmf-dist/tex/latex/graphics/graphics.sty
Package: graphics 2021/03/04 v1.4d Standard LaTeX Graphics (DPC,SPQR)
(/Users/corywhitney/Library/TinyTeX/texmf-dist/tex/latex/graphics/trig.sty
Package: trig 2021/08/11 v1.11 sin cos tan (DPC)
)
(/Users/corywhitney/Library/TinyTeX/texmf-dist/tex/latex/graphics-cfg/graphics.
cfg
File: graphics.cfg 2016/06/04 v1.11 sample graphics configuration
)
Package graphics Info: Driver file: pdftex.def on input line 107.
)
\Gin@req@height=\dimen160
\Gin@req@width=\dimen161
)
\cslhangindent=\skip53
\csllabelwidth=\skip54
\cslentryspacingunit=\skip55
(/Users/corywhitney/Library/TinyTeX/texmf-dist/tex/latex/tools/calc.sty
Package: calc 2017/05/25 v4.3 Infix arithmetic (KKT,FJ)
\calc@Acount=\count278
\calc@Bcount=\count279
\calc@Adimen=\dimen162
\calc@Bdimen=\dimen163
\calc@Askip=\skip56
\calc@Bskip=\skip57
LaTeX Info: Redefining \setlength on input line 80.
LaTeX Info: Redefining \addtolength on input line 81.
\calc@Ccount=\count280
\calc@Cskip=\skip58
) (/Users/corywhitney/Library/TinyTeX/texmf-dist/tex/latex/multirow/multirow.st
y
Package: multirow 2021/03/15 v2.8 Span multiple rows of a table
\multirow@colwidth=\skip59
\multirow@cntb=\count281
\multirow@dima=\skip60
\bigstrutjot=\dimen164
) (/Users/corywhitney/Library/TinyTeX/texmf-dist/tex/latex/tools/enumerate.sty
Package: enumerate 2015/07/23 v3.00 enumerate extensions (DPC)
\@enLab=\toks25
) (/Users/corywhitney/Library/TinyTeX/texmf-dist/tex/latex/graphics/lscape.sty
Package: lscape 2020/05/28 v3.02 Landscape Pages (DPC)
) (/Users/corywhitney/Library/TinyTeX/texmf-dist/tex/latex/float/float.sty
Package: float 2001/11/08 v1.3d Float enhancements (AL)
\c@float@type=\count282
\float@exts=\toks26
\float@box=\box53
\@float@everytoks=\toks27
\@floatcapt=\box54
) (/Users/corywhitney/Library/TinyTeX/texmf-dist/tex/latex/hyperref/hyperref.st
y
Package: hyperref 2022-02-21 v7.00n Hypertext links for LaTeX

(/Users/corywhitney/Library/TinyTeX/texmf-dist/tex/generic/pdftexcmds/pdftexcmd
s.sty
Package: pdftexcmds 2020-06-27 v0.33 Utility functions of pdfTeX for LuaTeX (HO
)

(/Users/corywhitney/Library/TinyTeX/texmf-dist/tex/generic/infwarerr/infwarerr.
sty
Package: infwarerr 2019/12/03 v1.5 Providing info/warning/error messages (HO)
)
Package pdftexcmds Info: \pdf@primitive is available.
Package pdftexcmds Info: \pdf@ifprimitive is available.
Package pdftexcmds Info: \pdfdraftmode found.
)
(/Users/corywhitney/Library/TinyTeX/texmf-dist/tex/generic/kvdefinekeys/kvdefin
ekeys.sty
Package: kvdefinekeys 2019-12-19 v1.6 Define keys (HO)
)
(/Users/corywhitney/Library/TinyTeX/texmf-dist/tex/generic/pdfescape/pdfescape.
sty
Package: pdfescape 2019/12/09 v1.15 Implements pdfTeX's escape features (HO)
) (/Users/corywhitney/Library/TinyTeX/texmf-dist/tex/latex/hycolor/hycolor.sty
Package: hycolor 2020-01-27 v1.10 Color options for hyperref/bookmark (HO)
)
(/Users/corywhitney/Library/TinyTeX/texmf-dist/tex/latex/letltxmacro/letltxmacr
o.sty
Package: letltxmacro 2019/12/03 v1.6 Let assignment for LaTeX macros (HO)
) (/Users/corywhitney/Library/TinyTeX/texmf-dist/tex/latex/auxhook/auxhook.sty
Package: auxhook 2019-12-17 v1.6 Hooks for auxiliary files (HO)
)
\@linkdim=\dimen165
\Hy@linkcounter=\count283
\Hy@pagecounter=\count284
(/Users/corywhitney/Library/TinyTeX/texmf-dist/tex/latex/hyperref/pd1enc.def
File: pd1enc.def 2022-02-21 v7.00n Hyperref: PDFDocEncoding definition (HO)
Now handling font encoding PD1 ...
... no UTF-8 mapping file for font encoding PD1
) (/Users/corywhitney/Library/TinyTeX/texmf-dist/tex/generic/intcalc/intcalc.st
y
Package: intcalc 2019/12/15 v1.3 Expandable calculations with integers (HO)
)
(/Users/corywhitney/Library/TinyTeX/texmf-dist/tex/generic/etexcmds/etexcmds.st
y
Package: etexcmds 2019/12/15 v1.7 Avoid name clashes with e-TeX commands (HO)
)
\Hy@SavedSpaceFactor=\count285
(/Users/corywhitney/Library/TinyTeX/texmf-dist/tex/latex/hyperref/puenc.def
File: puenc.def 2022-02-21 v7.00n Hyperref: PDF Unicode definition (HO)
Now handling font encoding PU ...
... no UTF-8 mapping file for font encoding PU
)
Package hyperref Info: Option `unicode' set `true' on input line 4018.
Package hyperref Info: Hyper figures OFF on input line 4137.
Package hyperref Info: Link nesting OFF on input line 4142.
Package hyperref Info: Hyper index ON on input line 4145.
Package hyperref Info: Plain pages OFF on input line 4152.
Package hyperref Info: Backreferencing OFF on input line 4157.
Package hyperref Info: Implicit mode ON; LaTeX internals redefined.
Package hyperref Info: Bookmarks ON on input line 4390.
\c@Hy@tempcnt=\count286
(/Users/corywhitney/Library/TinyTeX/texmf-dist/tex/latex/url/url.sty
\Urlmuskip=\muskip17
Package: url 2013/09/16  ver 3.4  Verb mode for urls, etc.
)
LaTeX Info: Redefining \url on input line 4749.
\XeTeXLinkMargin=\dimen166
(/Users/corywhitney/Library/TinyTeX/texmf-dist/tex/generic/bitset/bitset.sty
Package: bitset 2019/12/09 v1.3 Handle bit-vector datatype (HO)

(/Users/corywhitney/Library/TinyTeX/texmf-dist/tex/generic/bigintcalc/bigintcal
c.sty
Package: bigintcalc 2019/12/15 v1.5 Expandable calculations on big integers (HO
)
))
\Fld@menulength=\count287
\Field@Width=\dimen167
\Fld@charsize=\dimen168
Package hyperref Info: Hyper figures OFF on input line 6027.
Package hyperref Info: Link nesting OFF on input line 6032.
Package hyperref Info: Hyper index ON on input line 6035.
Package hyperref Info: backreferencing OFF on input line 6042.
Package hyperref Info: Link coloring OFF on input line 6047.
Package hyperref Info: Link coloring with OCG OFF on input line 6052.
Package hyperref Info: PDF/A mode OFF on input line 6057.
LaTeX Info: Redefining \ref on input line 6097.
LaTeX Info: Redefining \pageref on input line 6101.
(/Users/corywhitney/Library/TinyTeX/texmf-dist/tex/latex/base/atbegshi-ltx.sty
Package: atbegshi-ltx 2021/01/10 v1.0c Emulation of the original atbegshi
package with kernel methods
)
\Hy@abspage=\count288
\c@Item=\count289
\c@Hfootnote=\count290
)
Package hyperref Info: Driver (autodetected): hpdftex.
(/Users/corywhitney/Library/TinyTeX/texmf-dist/tex/latex/hyperref/hpdftex.def
File: hpdftex.def 2022-02-21 v7.00n Hyperref driver for pdfTeX

(/Users/corywhitney/Library/TinyTeX/texmf-dist/tex/latex/base/atveryend-ltx.sty
Package: atveryend-ltx 2020/08/19 v1.0a Emulation of the original atveryend pac
kage
with kernel methods
)
\Fld@listcount=\count291
\c@bookmark@seq@number=\count292

(/Users/corywhitney/Library/TinyTeX/texmf-dist/tex/latex/rerunfilecheck/rerunfi
lecheck.sty
Package: rerunfilecheck 2019/12/05 v1.9 Rerun checks for auxiliary files (HO)

(/Users/corywhitney/Library/TinyTeX/texmf-dist/tex/generic/uniquecounter/unique
counter.sty
Package: uniquecounter 2019/12/15 v1.4 Provide unlimited unique counter (HO)
)
Package uniquecounter Info: New unique counter `rerunfilecheck' on input line 2
86.
)
\Hy@SectionHShift=\skip61
)
(/Users/corywhitney/Library/TinyTeX/texmf-dist/tex/latex/l3backend/l3backend-pd
ftex.def
File: l3backend-pdftex.def 2022-02-07 L3 backend support: PDF output (pdfTeX)
\l__color_backend_stack_int=\count293
\l__pdf_internal_box=\box55
) (./Methods_Guide.aux

LaTeX Warning: Label `Fig_Agena_Utility' multiply defined.

)
\openout1 = `Methods_Guide.aux'.

LaTeX Font Info:    Checking defaults for OML/cmm/m/it on input line 155.
LaTeX Font Info:    ... okay on input line 155.
LaTeX Font Info:    Checking defaults for OMS/cmsy/m/n on input line 155.
LaTeX Font Info:    ... okay on input line 155.
LaTeX Font Info:    Checking defaults for OT1/cmr/m/n on input line 155.
LaTeX Font Info:    ... okay on input line 155.
LaTeX Font Info:    Checking defaults for T1/cmr/m/n on input line 155.
LaTeX Font Info:    ... okay on input line 155.
LaTeX Font Info:    Checking defaults for TS1/cmr/m/n on input line 155.
LaTeX Font Info:    ... okay on input line 155.
LaTeX Font Info:    Checking defaults for OMX/cmex/m/n on input line 155.
LaTeX Font Info:    ... okay on input line 155.
LaTeX Font Info:    Checking defaults for U/cmr/m/n on input line 155.
LaTeX Font Info:    ... okay on input line 155.
LaTeX Font Info:    Checking defaults for PD1/pdf/m/n on input line 155.
LaTeX Font Info:    ... okay on input line 155.
LaTeX Font Info:    Checking defaults for PU/pdf/m/n on input line 155.
LaTeX Font Info:    ... okay on input line 155.

(/Users/corywhitney/Library/TinyTeX/texmf-dist/tex/latex/epstopdf-pkg/epstopdf-
base.sty
Package: epstopdf-base 2020-01-24 v2.11 Base part for package epstopdf
Package epstopdf-base Info: Redefining graphics rule for `.eps' on input line 4
85.

(/Users/corywhitney/Library/TinyTeX/texmf-dist/tex/latex/latexconfig/epstopdf-s
ys.cfg
File: epstopdf-sys.cfg 2010/07/13 v1.3 Configuration of (r)epstopdf for TeX Liv
e
))
*geometry* driver: auto-detecting
*geometry* detected driver: pdftex
*geometry* verbose mode - [ preamble ] result:
* driver: pdftex
* paper: <default>
* layout: <same size as paper>
* layoutoffset:(h,v)=(0.0pt,0.0pt)
* modes: 
* h-part:(L,W,R)=(72.26999pt, 469.75502pt, 72.26999pt)
* v-part:(T,H,B)=(72.26999pt, 650.43001pt, 72.26999pt)
* \paperwidth=614.295pt
* \paperheight=794.96999pt
* \textwidth=469.75502pt
* \textheight=650.43001pt
* \oddsidemargin=0.0pt
* \evensidemargin=0.0pt
* \topmargin=-37.0pt
* \headheight=12.0pt
* \headsep=25.0pt
* \topskip=10.0pt
* \footskip=30.0pt
* \marginparwidth=65.0pt
* \marginparsep=11.0pt
* \columnsep=10.0pt
* \skip\footins=9.0pt plus 4.0pt minus 2.0pt
* \hoffset=0.0pt
* \voffset=0.0pt
* \mag=1000
* \@twocolumnfalse
* \@twosidefalse
* \@mparswitchfalse
* \@reversemarginfalse
* (1in=72.27pt=25.4mm, 1cm=28.453pt)

Package hyperref Info: Link coloring OFF on input line 155.
(/Users/corywhitney/Library/TinyTeX/texmf-dist/tex/latex/hyperref/nameref.sty
Package: nameref 2021-04-02 v2.47 Cross-referencing by name of section
(/Users/corywhitney/Library/TinyTeX/texmf-dist/tex/latex/refcount/refcount.sty
Package: refcount 2019/12/15 v3.6 Data extraction from label references (HO)
)
(/Users/corywhitney/Library/TinyTeX/texmf-dist/tex/generic/gettitlestring/getti
tlestring.sty
Package: gettitlestring 2019/12/15 v1.6 Cleanup title references (HO)
)
\c@section@level=\count294
)
LaTeX Info: Redefining \ref on input line 155.
LaTeX Info: Redefining \pageref on input line 155.
LaTeX Info: Redefining \nameref on input line 155.
(./Methods_Guide.out) (./Methods_Guide.out)
\@outlinefile=\write4
\openout4 = `Methods_Guide.out'.

LaTeX Font Info:    Trying to load font information for OT1+lmr on input line 1
57.
(/Users/corywhitney/Library/TinyTeX/texmf-dist/tex/latex/lm/ot1lmr.fd
File: ot1lmr.fd 2015/05/01 v1.6.1 Font defs for Latin Modern
)
LaTeX Font Info:    Trying to load font information for OML+lmm on input line 1
57.
(/Users/corywhitney/Library/TinyTeX/texmf-dist/tex/latex/lm/omllmm.fd
File: omllmm.fd 2015/05/01 v1.6.1 Font defs for Latin Modern
)
LaTeX Font Info:    Trying to load font information for OMS+lmsy on input line 
157.
(/Users/corywhitney/Library/TinyTeX/texmf-dist/tex/latex/lm/omslmsy.fd
File: omslmsy.fd 2015/05/01 v1.6.1 Font defs for Latin Modern
)
LaTeX Font Info:    Trying to load font information for OMX+lmex on input line 
157.
(/Users/corywhitney/Library/TinyTeX/texmf-dist/tex/latex/lm/omxlmex.fd
File: omxlmex.fd 2015/05/01 v1.6.1 Font defs for Latin Modern
)
LaTeX Font Info:    External font `lmex10' loaded for size
(Font)              <12> on input line 157.
LaTeX Font Info:    External font `lmex10' loaded for size
(Font)              <8> on input line 157.
LaTeX Font Info:    External font `lmex10' loaded for size
(Font)              <6> on input line 157.
LaTeX Font Info:    Trying to load font information for U+msa on input line 157
.
(/Users/corywhitney/Library/TinyTeX/texmf-dist/tex/latex/amsfonts/umsa.fd
File: umsa.fd 2013/01/14 v3.01 AMS symbols A
)
LaTeX Font Info:    Trying to load font information for U+msb on input line 157
.
(/Users/corywhitney/Library/TinyTeX/texmf-dist/tex/latex/amsfonts/umsb.fd
File: umsb.fd 2013/01/14 v3.01 AMS symbols B
) (./Methods_Guide.toc)
\tf@toc=\write5
\openout5 = `Methods_Guide.toc'.

(./Methods_Guide.lof
LaTeX Font Info:    External font `lmex10' loaded for size
(Font)              <10> on input line 1.
LaTeX Font Info:    External font `lmex10' loaded for size
(Font)              <7> on input line 1.
LaTeX Font Info:    External font `lmex10' loaded for size
(Font)              <5> on input line 1.
)
\tf@lof=\write6
\openout6 = `Methods_Guide.lof'.

(./Methods_Guide.lot)
\tf@lot=\write7
\openout7 = `Methods_Guide.lot'.

LaTeX Font Info:    Trying to load font information for TS1+lmr on input line 1
65.
(/Users/corywhitney/Library/TinyTeX/texmf-dist/tex/latex/lm/ts1lmr.fd
File: ts1lmr.fd 2015/05/01 v1.6.1 Font defs for Latin Modern
) [1

{/Users/corywhitney/Library/TinyTeX/texmf-var/fonts/map/pdftex/updmap/pdftex.ma
p}] [2] [3]

LaTeX Warning: Reference `calibration-training' on page 4 undefined on input li
ne 376.

<Fig_Diagram_Shepherd.png, id=76, 244.9953pt x 201.8742pt>
File: Fig_Diagram_Shepherd.png Graphic file (type png)
<use Fig_Diagram_Shepherd.png>
Package pdftex.def Info: Fig_Diagram_Shepherd.png  used on input line 393.
(pdftex.def)             Requested size: 245.00215pt x 201.87985pt.
[4] [5 <./Fig_Diagram_Shepherd.png>] [6] [7]
<Fig_Elicit_Proc.png, id=105, 332.442pt x 244.9953pt>
File: Fig_Elicit_Proc.png Graphic file (type png)
<use Fig_Elicit_Proc.png>
Package pdftex.def Info: Fig_Elicit_Proc.png  used on input line 620.
(pdftex.def)             Requested size: 332.44118pt x 244.99469pt.

LaTeX Warning: Reference `multivariate-analysis' on page 8 undefined on input l
ine 646.

[8 <./Fig_Elicit_Proc.png>]

LaTeX Warning: Reference `bayesian-networks' on page 9 undefined on input line 
718.


LaTeX Warning: Reference `Fig_CPT_Sheet' on page 9 undefined on input line 736.


[9]

LaTeX Warning: Reference `Fig_CPT_Sheet' on page 10 undefined on input line 742
.


LaTeX Warning: Reference `Fig_CPT_Sheet' on page 10 undefined on input line 744
.


LaTeX Warning: Reference `Fig_CPT_Sheet' on page 10 undefined on input line 747
.

<Fig_CPT_Sheet.png, id=121, 959.86604pt x 409.40955pt>
File: Fig_CPT_Sheet.png Graphic file (type png)
<use Fig_CPT_Sheet.png>
Package pdftex.def Info: Fig_CPT_Sheet.png  used on input line 751.
(pdftex.def)             Requested size: 469.75262pt x 200.36255pt.

LaTeX Warning: Reference `the-decisionsupport-package' on page 10 undefined on 
input line 766.


LaTeX Warning: Reference `the-agenarisk-package' on page 10 undefined on input 
line 770.

[10 <./Fig_CPT_Sheet.png>]
<Fig_UG_BN.png, id=130, 428.802pt x 196.5744pt>
File: Fig_UG_BN.png Graphic file (type png)
<use Fig_UG_BN.png>
Package pdftex.def Info: Fig_UG_BN.png  used on input line 794.
(pdftex.def)             Requested size: 428.82057pt x 196.5829pt.

LaTeX Warning: Reference `model-quantification' on page 11 undefined on input l
ine 806.


LaTeX Warning: Reference `generating-a-graphical-model' on page 11 undefined on
 input line 816.

[11 <./Fig_UG_BN.png>]

LaTeX Warning: Command \textendash invalid in math mode on input line 879.


LaTeX Warning: Command \textendash invalid in math mode on input line 907.


LaTeX Warning: No positions in optional float specifier.
               Default added (so using `tbp') on input line 909.


Overfull \hbox (24.55296pt too wide) in paragraph at lines 913--923
 [][] 
 []

[12]

LaTeX Warning: Reference `Fig_CPT_Sheet' on page 13 undefined on input line 961
.

LaTeX Font Info:    Trying to load font information for T1+lmtt on input line 9
69.
(/Users/corywhitney/Library/TinyTeX/texmf-dist/tex/latex/lm/t1lmtt.fd
File: t1lmtt.fd 2015/05/01 v1.6.1 Font defs for Latin Modern
)

LaTeX Warning: Reference `Fig_CPT_Sheet' on page 13 undefined on input line 995
.

<Fig_CPT_inputs.png, id=154, 965.40675pt x 446.3877pt>
File: Fig_CPT_inputs.png Graphic file (type png)
<use Fig_CPT_inputs.png>
Package pdftex.def Info: Fig_CPT_inputs.png  used on input line 1010.
(pdftex.def)             Requested size: 469.76846pt x 217.21297pt.
[13] [14 <./Fig_CPT_inputs.png>] [15

] [16] [17]

LaTeX Warning: No positions in optional float specifier.
               Default added (so using `tbp') on input line 1133.


Overfull \hbox (63.26262pt too wide) in paragraph at lines 1137--1175
 [][] 
 []


LaTeX Warning: No positions in optional float specifier.
               Default added (so using `tbp') on input line 1181.

<Fig_Agena_Interface.jpg, id=182, 1666.225pt x 722.7pt>
File: Fig_Agena_Interface.jpg Graphic file (type jpg)
<use Fig_Agena_Interface.jpg>
Package pdftex.def Info: Fig_Agena_Interface.jpg  used on input line 1217.
(pdftex.def)             Requested size: 469.74332pt x 203.74408pt.

LaTeX Warning: Reference `r-code-with-resulting-cpt-and-legend-tables' on page 
18 undefined on input line 1253.

[18

 <./Fig_Agena_Interface.jpg>] [19]
<Fig_Agena_Utility.jpg, id=198, 1800.7275pt x 907.39pt>
File: Fig_Agena_Utility.jpg Graphic file (type jpg)
<use Fig_Agena_Utility.jpg>
Package pdftex.def Info: Fig_Agena_Utility.jpg  used on input line 1266.
(pdftex.def)             Requested size: 469.7443pt x 236.70503pt.
<Fig_Agena_VoI.jpg, id=201, 1294.8375pt x 832.10875pt>
File: Fig_Agena_VoI.jpg Graphic file (type jpg)
<use Fig_Agena_VoI.jpg>
Package pdftex.def Info: Fig_Agena_VoI.jpg  used on input line 1281.
(pdftex.def)             Requested size: 469.75679pt x 301.88246pt.
[20 <./Fig_Agena_Utility.jpg>] [21 <./Fig_Agena_VoI.jpg>] [22] [23] [24] (./Met
hods_Guide.aux)

LaTeX Warning: There were undefined references.


LaTeX Warning: There were multiply-defined labels.

Package rerunfilecheck Info: File `Methods_Guide.out' has not changed.
(rerunfilecheck)             Checksum: 2663F11DD19DA8613DA7067875EC4868;182.
 ) 
Here is how much of TeX's memory you used:
 11799 strings out of 480236
 185156 string characters out of 5894541
 501320 words of memory out of 5000000
 29445 multiletter control sequences out of 15000+600000
 520764 words of font info for 69 fonts, out of 8000000 for 9000
 14 hyphenation exceptions out of 8191
 60i,14n,63p,608b,500s stack positions out of 5000i,500n,10000p,200000b,80000s
{/Users/corywhitney/Library/TinyTeX/texmf-dist/fonts/enc/dvips/lm/lm-ec.enc}{
/Users/corywhitney/Library/TinyTeX/texmf-dist/fonts/enc/dvips/lm/lm-rm.enc}{/Us
ers/corywhitney/Library/TinyTeX/texmf-dist/fonts/enc/dvips/lm/lm-mathit.enc}{/U
sers/corywhitney/Library/TinyTeX/texmf-dist/fonts/enc/dvips/lm/lm-ts1.enc}</Use
rs/corywhitney/Library/TinyTeX/texmf-dist/fonts/type1/public/lm/lmbx10.pfb></Us
ers/corywhitney/Library/TinyTeX/texmf-dist/fonts/type1/public/lm/lmbx12.pfb></U
sers/corywhitney/Library/TinyTeX/texmf-dist/fonts/type1/public/lm/lmbxi10.pfb><
/Users/corywhitney/Library/TinyTeX/texmf-dist/fonts/type1/public/lm/lmmi10.pfb>
</Users/corywhitney/Library/TinyTeX/texmf-dist/fonts/type1/public/lm/lmmi12.pfb
></Users/corywhitney/Library/TinyTeX/texmf-dist/fonts/type1/public/lm/lmr10.pfb
></Users/corywhitney/Library/TinyTeX/texmf-dist/fonts/type1/public/lm/lmr12.pfb
></Users/corywhitney/Library/TinyTeX/texmf-dist/fonts/type1/public/lm/lmr17.pfb
></Users/corywhitney/Library/TinyTeX/texmf-dist/fonts/type1/public/lm/lmr8.pfb>
</Users/corywhitney/Library/TinyTeX/texmf-dist/fonts/type1/public/lm/lmri10.pfb
></Users/corywhitney/Library/TinyTeX/texmf-dist/fonts/type1/public/lm/lmtt10.pf
b>
Output written on Methods_Guide.pdf (24 pages, 2111215 bytes).
PDF statistics:
 345 PDF objects out of 1000 (max. 8388607)
 279 compressed objects within 3 object streams
 90 named destinations out of 1000 (max. 500000)
 57 words of extra memory for PDF output out of 10000 (max. 10000000)

